<?xml version="1.0" encoding="UTF-8"?>
<!-- Generated by org.testng.reporters.JUnitReportReporter -->
<testsuite hostname="LAPTOP-FPGTDNG8" failures="0" tests="2" name="mavenProject.mavenJava.SeleniumTest" time="0.000" errors="0" timestamp="2021-06-08T16:39:13 EDT" skipped="0">
  <testcase classname="mavenProject.mavenJava.SeleniumTest" name="elementUI" time="0.000"/>
  <system-out/>
  <testcase classname="mavenProject.mavenJava.SeleniumTest" name="BrowserAutomation" time="0.000"/>
  <system-out/>
</testsuite> <!-- mavenProject.mavenJava.SeleniumTest -->
