<?xml version="1.0" encoding="UTF-8"?>
<!-- Generated by org.testng.reporters.JUnitReportReporter -->
<testsuite hostname="LAPTOP-FPGTDNG8" failures="0" tests="2" name="mavenProject.mavenJava.AppiumTest" time="0.000" errors="0" timestamp="2021-06-08T16:38:53 EDT" skipped="0">
  <testcase classname="mavenProject.mavenJava.AppiumTest" name="NativeAppAndroid" time="0.000"/>
  <system-out/>
  <testcase classname="mavenProject.mavenJava.AppiumTest" name="IOSApps" time="0.000"/>
  <system-out/>
</testsuite> <!-- mavenProject.mavenJava.AppiumTest -->
