<?xml version="1.0" encoding="UTF-8"?>
<!-- Generated by org.testng.reporters.JUnitReportReporter -->
<testsuite hostname="LAPTOP-FPGTDNG8" failures="0" tests="2" name="mavenProject.mavenJava.RestAPITest" time="0.005" errors="0" timestamp="2021-06-08T16:39:13 EDT" skipped="0">
  <testcase classname="mavenProject.mavenJava.RestAPITest" name="PostJira" time="0.005"/>
  <system-out/>
  <testcase classname="mavenProject.mavenJava.RestAPITest" name="deleteTwitter" time="0.000"/>
  <system-out/>
</testsuite> <!-- mavenProject.mavenJava.RestAPITest -->
